[2020-11-17 22:30:05] BigCommerce.INFO: Starting import [] []
[2020-11-17 22:30:10] BigCommerce.INFO: Running import task {"state":"started","description":"Fetching store information"} []
[2020-11-17 22:30:10] BigCommerce.DEBUG: Requesting store settings [] []
[2020-11-17 22:30:10] BigCommerce.DEBUG: Retrieved store settings {"settings":{"bigcommerce_domain":"wholefields.mybigcommerce.com","bigcommerce_currency_code":"USD","bigcommerce_currency_symbol":"$","bigcommerce_currency_symbol_position":"left","bigcommerce_decimal_units":2,"bigcommerce_integer_units":2,"bigcommerce_mass_unit":"oz","bigcommerce_length_unit":"in","bigcommerce_wishlists_enabled":1,"bigcommerce_facebook_pixel_id":"","bigcommerce_google_analytics_id":""}} []
[2020-11-17 22:30:12] BigCommerce.INFO: Running import task {"state":"fetched_store","description":"Retrieving currency settings"} []
[2020-11-17 22:30:12] BigCommerce.DEBUG: Requesting currency settings [] []
[2020-11-17 22:30:22] BigCommerce.INFO: Running import task {"state":"fetched_currencies","description":"Removing Categories"} []
[2020-11-17 22:30:22] BigCommerce.DEBUG: Removing deleted terms for bigcommerce_category taxonomy {"page":1,"limit":50,"taxonomy":"bigcommerce_category"} []
[2020-11-17 22:30:28] BigCommerce.INFO: Running import task {"state":"purged_categories","description":"Removing Brands"} []
[2020-11-17 22:30:28] BigCommerce.DEBUG: Removing deleted terms for bigcommerce_brand taxonomy {"page":1,"limit":50,"taxonomy":"bigcommerce_brand"} []
[2020-11-17 22:30:30] BigCommerce.INFO: Running import task {"state":"purged_brands","description":"Updating Categories"} []
[2020-11-17 22:30:30] BigCommerce.DEBUG: Importing terms for bigcommerce_category taxonomy {"page":1,"limit":5,"taxonomy":"bigcommerce_category"} []
[2020-11-17 22:31:11] BigCommerce.INFO: Running import task {"state":"updated_categories","description":"Updating Brands"} []
[2020-11-17 22:31:11] BigCommerce.DEBUG: Importing terms for bigcommerce_brand taxonomy {"page":1,"limit":5,"taxonomy":"bigcommerce_brand"} []
[2020-11-17 22:31:14] BigCommerce.INFO: Running import task {"state":"updated_brands","description":"Regenerating Product Images"} []
[2020-11-17 22:31:14] BigCommerce.DEBUG: No images found requiring regeneration [] []
[2020-11-17 22:31:15] BigCommerce.INFO: Running import task {"state":"resized_images","description":"Fetching existing listings from the BigCommerce API for channel www.wholefieldsfoods.com"} []
[2020-11-17 22:31:15] BigCommerce.DEBUG: Retrieving listings {"limit":50,"after":null} []
[2020-11-17 22:31:18] BigCommerce.INFO: Running import task {"state":"fetched_listings-2","description":"Adding listings to channel www.wholefieldsfoods.com"} []
[2020-11-17 22:31:18] BigCommerce.DEBUG: Retrieving products {"limit":50,"page":1} []
[2020-11-17 22:31:19] BigCommerce.DEBUG: Product already linked to channel. Skipping. {"product_id":113,"channel_id":"449940"} []
[2020-11-17 22:31:19] BigCommerce.DEBUG: Product already linked to channel. Skipping. {"product_id":114,"channel_id":"449940"} []
[2020-11-17 22:31:26] BigCommerce.INFO: Running import task {"state":"initialized_channel-2","description":"Fetching product data from the BigCommerce API"} []
[2020-11-17 22:31:26] BigCommerce.DEBUG: Retrieving product data {"limit":10,"after":null} []
[2020-11-17 22:31:26] BigCommerce.DEBUG: Retrieving products found in listings {"limit":10,"ids":[113,114]} []
[2020-11-17 22:31:26] BigCommerce.DEBUG: Adding products to the import queue {"count":2} []
[2020-11-17 22:31:28] BigCommerce.INFO: Running import task {"state":"fetched_products","description":"Identifying posts to remove from WordPress"} []
[2020-11-17 22:31:28] BigCommerce.INFO: Running import task {"state":"marked_deleted_products","description":"Importing products"} []
[2020-11-17 22:31:28] BigCommerce.DEBUG: Handling record from import queue {"record_id":"263","name":"4354edcf9372f75c040f154b24244d1d","attempt":"0","action":"update"} []
[2020-11-17 22:31:28] BigCommerce.DEBUG: Product imported successfully {"product_id":113,"channel":2} []
[2020-11-17 22:31:28] BigCommerce.DEBUG: Handling record from import queue {"record_id":"264","name":"4d548b7cd690929ba6286d4075925864","attempt":"0","action":"update"} []
[2020-11-17 22:31:28] BigCommerce.DEBUG: Product imported successfully {"product_id":114,"channel":2} []
[2020-11-17 22:31:28] BigCommerce.DEBUG: Completed import batch {"count":2,"remaining":0} []
[2020-11-17 22:31:30] BigCommerce.INFO: Running import task {"state":"processed_queue","description":"Wrapping up"} []
[2020-11-17 22:31:30] BigCommerce.INFO: Import complete [] []
